app/manifest-merger-release-report.txt
-- Merging decision tree log ---
manifest
ADDED from AndroidManifest.xml:2:1
	package
		ADDED from AndroidManifest.xml:3:5
		INJECTED from AndroidManifest.xml:0:0
		INJECTED from AndroidManifest.xml:0:0
	android:versionName
		INJECTED from AndroidManifest.xml:0:0
		INJECTED from AndroidManifest.xml:0:0
	xmlns:android
		ADDED from AndroidManifest.xml:2:11
	android:versionCode
		INJECTED from AndroidManifest.xml:0:0
		INJECTED from AndroidManifest.xml:0:0
uses-permission#android.permission.INTERNET
ADDED from AndroidManifest.xml:5:5
MERGED from com.google.android.gms:play-services-ads-lite:11.6.0:19:5
	android:name
		ADDED from AndroidManifest.xml:5:22
uses-permission#android.permission.WRITE_EXTERNAL_STORAGE
ADDED from AndroidManifest.xml:6:5
	android:name
		ADDED from AndroidManifest.xml:6:22
uses-permission#com.android.vending.BILLING
ADDED from AndroidManifest.xml:7:5
	android:name
		ADDED from AndroidManifest.xml:7:22
application
ADDED from AndroidManifest.xml:9:5
MERGED from com.android.support:appcompat-v7:26.1.0:25:5
MERGED from com.android.support:support-v4:26.1.0:25:5
MERGED from com.android.support:support-compat:26.1.0:25:5
MERGED from android.arch.lifecycle:runtime:1.0.0:24:5
MERGED from com.android.support:support-media-compat:26.1.0:25:5
MERGED from com.android.support:support-compat:26.1.0:25:5
MERGED from android.arch.lifecycle:runtime:1.0.0:24:5
MERGED from com.android.support:support-core-utils:26.1.0:25:5
MERGED from com.android.support:support-compat:26.1.0:25:5
MERGED from android.arch.lifecycle:runtime:1.0.0:24:5
MERGED from com.android.support:support-core-ui:26.1.0:25:5
MERGED from com.android.support:support-compat:26.1.0:25:5
MERGED from android.arch.lifecycle:runtime:1.0.0:24:5
MERGED from com.android.support:support-fragment:26.1.0:25:5
MERGED from com.android.support:support-compat:26.1.0:25:5
MERGED from android.arch.lifecycle:runtime:1.0.0:24:5
MERGED from com.android.support:support-core-ui:26.1.0:25:5
MERGED from com.android.support:support-compat:26.1.0:25:5
MERGED from android.arch.lifecycle:runtime:1.0.0:24:5
MERGED from com.android.support:support-core-utils:26.1.0:25:5
MERGED from com.android.support:support-compat:26.1.0:25:5
MERGED from android.arch.lifecycle:runtime:1.0.0:24:5
MERGED from com.android.support:support-vector-drawable:26.1.0:22:5
MERGED from com.android.support:support-compat:26.1.0:25:5
MERGED from android.arch.lifecycle:runtime:1.0.0:24:5
MERGED from com.android.support:animated-vector-drawable:26.1.0:22:5
MERGED from com.android.support:support-vector-drawable:26.1.0:22:5
MERGED from com.android.support:support-compat:26.1.0:25:5
MERGED from android.arch.lifecycle:runtime:1.0.0:24:5
MERGED from com.android.support:support-core-ui:26.1.0:25:5
MERGED from com.android.support:support-compat:26.1.0:25:5
MERGED from android.arch.lifecycle:runtime:1.0.0:24:5
MERGED from com.google.android.gms:play-services-ads-lite:11.6.0:23:5
MERGED from com.google.android.gms:play-services-basement:11.6.0:19:5
MERGED from com.android.support:support-v4:26.1.0:25:5
MERGED from com.android.support:support-compat:26.1.0:25:5
MERGED from android.arch.lifecycle:runtime:1.0.0:24:5
MERGED from com.android.support:support-media-compat:26.1.0:25:5
MERGED from com.android.support:support-compat:26.1.0:25:5
MERGED from android.arch.lifecycle:runtime:1.0.0:24:5
MERGED from com.android.support:support-core-utils:26.1.0:25:5
MERGED from com.android.support:support-compat:26.1.0:25:5
MERGED from android.arch.lifecycle:runtime:1.0.0:24:5
MERGED from com.android.support:support-core-ui:26.1.0:25:5
MERGED from com.android.support:support-compat:26.1.0:25:5
MERGED from android.arch.lifecycle:runtime:1.0.0:24:5
MERGED from com.android.support:support-fragment:26.1.0:25:5
MERGED from com.android.support:support-compat:26.1.0:25:5
MERGED from android.arch.lifecycle:runtime:1.0.0:24:5
MERGED from com.android.support:support-core-ui:26.1.0:25:5
MERGED from com.android.support:support-compat:26.1.0:25:5
MERGED from android.arch.lifecycle:runtime:1.0.0:24:5
MERGED from com.android.support:support-core-utils:26.1.0:25:5
MERGED from com.android.support:support-compat:26.1.0:25:5
MERGED from android.arch.lifecycle:runtime:1.0.0:24:5
MERGED from com.google.android.gms:play-services-basement-license:11.6.0:5:5
MERGED from com.google.android.gms:play-services-ads-lite-license:11.6.0:5:5
MERGED from com.google.android.gms:play-services-basement:11.6.0:19:5
MERGED from com.android.support:support-v4:26.1.0:25:5
MERGED from com.android.support:support-compat:26.1.0:25:5
MERGED from android.arch.lifecycle:runtime:1.0.0:24:5
MERGED from com.android.support:support-media-compat:26.1.0:25:5
MERGED from com.android.support:support-compat:26.1.0:25:5
MERGED from android.arch.lifecycle:runtime:1.0.0:24:5
MERGED from com.android.support:support-core-utils:26.1.0:25:5
MERGED from com.android.support:support-compat:26.1.0:25:5
MERGED from android.arch.lifecycle:runtime:1.0.0:24:5
MERGED from com.android.support:support-core-ui:26.1.0:25:5
MERGED from com.android.support:support-compat:26.1.0:25:5
MERGED from android.arch.lifecycle:runtime:1.0.0:24:5
MERGED from com.android.support:support-fragment:26.1.0:25:5
MERGED from com.android.support:support-compat:26.1.0:25:5
MERGED from android.arch.lifecycle:runtime:1.0.0:24:5
MERGED from com.android.support:support-core-ui:26.1.0:25:5
MERGED from com.android.support:support-compat:26.1.0:25:5
MERGED from android.arch.lifecycle:runtime:1.0.0:24:5
MERGED from com.android.support:support-core-utils:26.1.0:25:5
MERGED from com.android.support:support-compat:26.1.0:25:5
MERGED from android.arch.lifecycle:runtime:1.0.0:24:5
MERGED from com.google.android.gms:play-services-basement-license:11.6.0:5:5
MERGED from com.google.android.gms:play-services-gass:11.6.0:4:5
MERGED from com.google.android.gms:play-services-basement:11.6.0:19:5
MERGED from com.android.support:support-v4:26.1.0:25:5
MERGED from com.android.support:support-compat:26.1.0:25:5
MERGED from android.arch.lifecycle:runtime:1.0.0:24:5
MERGED from com.android.support:support-media-compat:26.1.0:25:5
MERGED from com.android.support:support-compat:26.1.0:25:5
MERGED from android.arch.lifecycle:runtime:1.0.0:24:5
MERGED from com.android.support:support-core-utils:26.1.0:25:5
MERGED from com.android.support:support-compat:26.1.0:25:5
MERGED from android.arch.lifecycle:runtime:1.0.0:24:5
MERGED from com.android.support:support-core-ui:26.1.0:25:5
MERGED from com.android.support:support-compat:26.1.0:25:5
MERGED from android.arch.lifecycle:runtime:1.0.0:24:5
MERGED from com.android.support:support-fragment:26.1.0:25:5
MERGED from com.android.support:support-compat:26.1.0:25:5
MERGED from android.arch.lifecycle:runtime:1.0.0:24:5
MERGED from com.android.support:support-core-ui:26.1.0:25:5
MERGED from com.android.support:support-compat:26.1.0:25:5
MERGED from android.arch.lifecycle:runtime:1.0.0:24:5
MERGED from com.android.support:support-core-utils:26.1.0:25:5
MERGED from com.android.support:support-compat:26.1.0:25:5
MERGED from android.arch.lifecycle:runtime:1.0.0:24:5
MERGED from com.google.android.gms:play-services-basement-license:11.6.0:5:5
MERGED from com.google.android.gms:play-services-gass-license:11.6.0:5:5
MERGED from com.google.android.gms:play-services-ads-license:11.6.0:5:5
	android:label
		ADDED from AndroidManifest.xml:12:9
	android:allowBackup
		ADDED from AndroidManifest.xml:10:9
	android:icon
		ADDED from AndroidManifest.xml:11:9
	android:theme
		ADDED from AndroidManifest.xml:13:9
meta-data#com.google.android.gms.version
ADDED from AndroidManifest.xml:15:9
MERGED from com.google.android.gms:play-services-basement:11.6.0:20:9
MERGED from com.google.android.gms:play-services-basement:11.6.0:20:9
MERGED from com.google.android.gms:play-services-basement:11.6.0:20:9
	android:value
		ADDED from AndroidManifest.xml:17:13
	android:name
		ADDED from AndroidManifest.xml:16:13
activity#com.maktas.android.moviesintheaters.MainActivity
ADDED from AndroidManifest.xml:19:9
	android:label
		ADDED from AndroidManifest.xml:21:13
	android:name
		ADDED from AndroidManifest.xml:20:13
intent-filter#android.intent.action.MAIN
ADDED from AndroidManifest.xml:22:13
action#android.intent.action.MAIN
ADDED from AndroidManifest.xml:23:17
	android:name
		ADDED from AndroidManifest.xml:23:25
activity#com.maktas.android.moviesintheaters.DetailActivity
ADDED from AndroidManifest.xml:26:9
	android:label
		ADDED from AndroidManifest.xml:28:13
	android:parentActivityName
		ADDED from AndroidManifest.xml:30:13
	android:noHistory
		ADDED from AndroidManifest.xml:29:13
	android:name
		ADDED from AndroidManifest.xml:27:13
meta-data#android.support.PARENT_ACTIVITY
ADDED from AndroidManifest.xml:31:13
	android:value
		ADDED from AndroidManifest.xml:33:17
	android:name
		ADDED from AndroidManifest.xml:32:17
intent-filter#android.intent.action.SEND+android.intent.action.SEND_MULTIPLE+android.intent.action.VIEW
ADDED from AndroidManifest.xml:34:13
action#android.intent.action.SEND
ADDED from AndroidManifest.xml:35:17
	android:name
		ADDED from AndroidManifest.xml:35:25
action#android.intent.action.SEND_MULTIPLE
ADDED from AndroidManifest.xml:36:17
	android:name
		ADDED from AndroidManifest.xml:36:25
action#android.intent.action.VIEW
ADDED from AndroidManifest.xml:37:17
	android:name
		ADDED from AndroidManifest.xml:37:25
activity#com.maktas.android.moviesintheaters.SettingsActivity
ADDED from AndroidManifest.xml:40:9
	android:label
		ADDED from AndroidManifest.xml:42:13
	android:parentActivityName
		ADDED from AndroidManifest.xml:43:13
	android:name
		ADDED from AndroidManifest.xml:41:13
intent-filter#android.intent.action.SEND+android.intent.action.SEND_MULTIPLE
ADDED from AndroidManifest.xml:47:13
activity#com.maktas.android.moviesintheaters.DetailSettingsActivity
ADDED from AndroidManifest.xml:53:9
	android:label
		ADDED from AndroidManifest.xml:55:13
	android:parentActivityName
		ADDED from AndroidManifest.xml:56:13
	android:name
		ADDED from AndroidManifest.xml:54:13
activity#com.maktas.android.moviesintheaters.SearchableActivity
ADDED from AndroidManifest.xml:66:9
	android:parentActivityName
		ADDED from AndroidManifest.xml:67:13
	android:name
		ADDED from AndroidManifest.xml:66:19
intent-filter#android.intent.action.SEARCH
ADDED from AndroidManifest.xml:68:13
action#android.intent.action.SEARCH
ADDED from AndroidManifest.xml:69:17
	android:name
		ADDED from AndroidManifest.xml:69:25
meta-data#android.app.searchable
ADDED from AndroidManifest.xml:71:13
	android:resource
		ADDED from AndroidManifest.xml:72:17
	android:name
		ADDED from AndroidManifest.xml:71:24
activity#com.google.android.gms.ads.AdActivity
ADDED from AndroidManifest.xml:75:9
MERGED from com.google.android.gms:play-services-ads-lite:11.6.0:25:9
	android:exported
		ADDED from com.google.android.gms:play-services-ads-lite:11.6.0:25:231
	android:configChanges
		ADDED from AndroidManifest.xml:77:13
	android:theme
		ADDED from AndroidManifest.xml:78:13
	android:name
		ADDED from AndroidManifest.xml:76:13
activity#com.maktas.android.moviesintheaters.SplashScreen
ADDED from AndroidManifest.xml:80:9
	android:theme
		ADDED from AndroidManifest.xml:82:13
	android:name
		ADDED from AndroidManifest.xml:81:13
intent-filter#android.intent.action.MAIN+android.intent.category.LAUNCHER
ADDED from AndroidManifest.xml:83:13
category#android.intent.category.LAUNCHER
ADDED from AndroidManifest.xml:85:17
	android:name
		ADDED from AndroidManifest.xml:85:27
uses-sdk
INJECTED from AndroidManifest.xml:0:0 reason: use-sdk injection requested
MERGED from com.android.support:appcompat-v7:26.1.0:21:5
MERGED from com.android.support:support-v4:26.1.0:21:5
MERGED from com.android.support:support-compat:26.1.0:21:5
MERGED from android.arch.lifecycle:runtime:1.0.0:20:5
MERGED from com.android.support:support-media-compat:26.1.0:21:5
MERGED from com.android.support:support-compat:26.1.0:21:5
MERGED from android.arch.lifecycle:runtime:1.0.0:20:5
MERGED from com.android.support:support-core-utils:26.1.0:21:5
MERGED from com.android.support:support-compat:26.1.0:21:5
MERGED from android.arch.lifecycle:runtime:1.0.0:20:5
MERGED from com.android.support:support-core-ui:26.1.0:21:5
MERGED from com.android.support:support-compat:26.1.0:21:5
MERGED from android.arch.lifecycle:runtime:1.0.0:20:5
MERGED from com.android.support:support-fragment:26.1.0:21:5
MERGED from com.android.support:support-compat:26.1.0:21:5
MERGED from android.arch.lifecycle:runtime:1.0.0:20:5
MERGED from com.android.support:support-core-ui:26.1.0:21:5
MERGED from com.android.support:support-compat:26.1.0:21:5
MERGED from android.arch.lifecycle:runtime:1.0.0:20:5
MERGED from com.android.support:support-core-utils:26.1.0:21:5
MERGED from com.android.support:support-compat:26.1.0:21:5
MERGED from android.arch.lifecycle:runtime:1.0.0:20:5
MERGED from com.android.support:support-vector-drawable:26.1.0:20:5
MERGED from com.android.support:support-compat:26.1.0:21:5
MERGED from android.arch.lifecycle:runtime:1.0.0:20:5
MERGED from com.android.support:animated-vector-drawable:26.1.0:20:5
MERGED from com.android.support:support-vector-drawable:26.1.0:20:5
MERGED from com.android.support:support-compat:26.1.0:21:5
MERGED from android.arch.lifecycle:runtime:1.0.0:20:5
MERGED from com.android.support:support-core-ui:26.1.0:21:5
MERGED from com.android.support:support-compat:26.1.0:21:5
MERGED from android.arch.lifecycle:runtime:1.0.0:20:5
MERGED from com.google.android.gms:play-services-ads:11.6.0:17:5
MERGED from com.google.android.gms:play-services-ads-lite:11.6.0:22:5
MERGED from com.google.android.gms:play-services-basement:11.6.0:17:5
MERGED from com.android.support:support-v4:26.1.0:21:5
MERGED from com.android.support:support-compat:26.1.0:21:5
MERGED from android.arch.lifecycle:runtime:1.0.0:20:5
MERGED from com.android.support:support-media-compat:26.1.0:21:5
MERGED from com.android.support:support-compat:26.1.0:21:5
MERGED from android.arch.lifecycle:runtime:1.0.0:20:5
MERGED from com.android.support:support-core-utils:26.1.0:21:5
MERGED from com.android.support:support-compat:26.1.0:21:5
MERGED from android.arch.lifecycle:runtime:1.0.0:20:5
MERGED from com.android.support:support-core-ui:26.1.0:21:5
MERGED from com.android.support:support-compat:26.1.0:21:5
MERGED from android.arch.lifecycle:runtime:1.0.0:20:5
MERGED from com.android.support:support-fragment:26.1.0:21:5
MERGED from com.android.support:support-compat:26.1.0:21:5
MERGED from android.arch.lifecycle:runtime:1.0.0:20:5
MERGED from com.android.support:support-core-ui:26.1.0:21:5
MERGED from com.android.support:support-compat:26.1.0:21:5
MERGED from android.arch.lifecycle:runtime:1.0.0:20:5
MERGED from com.android.support:support-core-utils:26.1.0:21:5
MERGED from com.android.support:support-compat:26.1.0:21:5
MERGED from android.arch.lifecycle:runtime:1.0.0:20:5
MERGED from com.google.android.gms:play-services-basement-license:11.6.0:4:5
MERGED from com.google.android.gms:play-services-ads-lite-license:11.6.0:4:5
MERGED from com.google.android.gms:play-services-basement:11.6.0:17:5
MERGED from com.android.support:support-v4:26.1.0:21:5
MERGED from com.android.support:support-compat:26.1.0:21:5
MERGED from android.arch.lifecycle:runtime:1.0.0:20:5
MERGED from com.android.support:support-media-compat:26.1.0:21:5
MERGED from com.android.support:support-compat:26.1.0:21:5
MERGED from android.arch.lifecycle:runtime:1.0.0:20:5
MERGED from com.android.support:support-core-utils:26.1.0:21:5
MERGED from com.android.support:support-compat:26.1.0:21:5
MERGED from android.arch.lifecycle:runtime:1.0.0:20:5
MERGED from com.android.support:support-core-ui:26.1.0:21:5
MERGED from com.android.support:support-compat:26.1.0:21:5
MERGED from android.arch.lifecycle:runtime:1.0.0:20:5
MERGED from com.android.support:support-fragment:26.1.0:21:5
MERGED from com.android.support:support-compat:26.1.0:21:5
MERGED from android.arch.lifecycle:runtime:1.0.0:20:5
MERGED from com.android.support:support-core-ui:26.1.0:21:5
MERGED from com.android.support:support-compat:26.1.0:21:5
MERGED from android.arch.lifecycle:runtime:1.0.0:20:5
MERGED from com.android.support:support-core-utils:26.1.0:21:5
MERGED from com.android.support:support-compat:26.1.0:21:5
MERGED from android.arch.lifecycle:runtime:1.0.0:20:5
MERGED from com.google.android.gms:play-services-basement-license:11.6.0:4:5
MERGED from com.google.android.gms:play-services-gass:11.6.0:3:5
MERGED from com.google.android.gms:play-services-basement:11.6.0:17:5
MERGED from com.android.support:support-v4:26.1.0:21:5
MERGED from com.android.support:support-compat:26.1.0:21:5
MERGED from android.arch.lifecycle:runtime:1.0.0:20:5
MERGED from com.android.support:support-media-compat:26.1.0:21:5
MERGED from com.android.support:support-compat:26.1.0:21:5
MERGED from android.arch.lifecycle:runtime:1.0.0:20:5
MERGED from com.android.support:support-core-utils:26.1.0:21:5
MERGED from com.android.support:support-compat:26.1.0:21:5
MERGED from android.arch.lifecycle:runtime:1.0.0:20:5
MERGED from com.android.support:support-core-ui:26.1.0:21:5
MERGED from com.android.support:support-compat:26.1.0:21:5
MERGED from android.arch.lifecycle:runtime:1.0.0:20:5
MERGED from com.android.support:support-fragment:26.1.0:21:5
MERGED from com.android.support:support-compat:26.1.0:21:5
MERGED from android.arch.lifecycle:runtime:1.0.0:20:5
MERGED from com.android.support:support-core-ui:26.1.0:21:5
MERGED from com.android.support:support-compat:26.1.0:21:5
MERGED from android.arch.lifecycle:runtime:1.0.0:20:5
MERGED from com.android.support:support-core-utils:26.1.0:21:5
MERGED from com.android.support:support-compat:26.1.0:21:5
MERGED from android.arch.lifecycle:runtime:1.0.0:20:5
MERGED from com.google.android.gms:play-services-basement-license:11.6.0:4:5
MERGED from com.google.android.gms:play-services-gass-license:11.6.0:4:5
MERGED from com.google.android.gms:play-services-ads-license:11.6.0:4:5
	tools:overrideLibrary
		ADDED from com.android.support:appcompat-v7:26.1.0:23:9
	android:targetSdkVersion
		INJECTED from AndroidManifest.xml:0:0
		INJECTED from AndroidManifest.xml:0:0
	android:minSdkVersion
		INJECTED from AndroidManifest.xml:0:0
		INJECTED from AndroidManifest.xml:0:0
meta-data#android.support.VERSION
ADDED from com.android.support:appcompat-v7:26.1.0:26:9
MERGED from com.android.support:support-v4:26.1.0:26:9
MERGED from com.android.support:support-compat:26.1.0:26:9
MERGED from com.android.support:support-media-compat:26.1.0:26:9
MERGED from com.android.support:support-compat:26.1.0:26:9
MERGED from com.android.support:support-core-utils:26.1.0:26:9
MERGED from com.android.support:support-compat:26.1.0:26:9
MERGED from com.android.support:support-core-ui:26.1.0:26:9
MERGED from com.android.support:support-compat:26.1.0:26:9
MERGED from com.android.support:support-fragment:26.1.0:26:9
MERGED from com.android.support:support-compat:26.1.0:26:9
MERGED from com.android.support:support-core-ui:26.1.0:26:9
MERGED from com.android.support:support-compat:26.1.0:26:9
MERGED from com.android.support:support-core-utils:26.1.0:26:9
MERGED from com.android.support:support-compat:26.1.0:26:9
MERGED from com.android.support:support-vector-drawable:26.1.0:23:9
MERGED from com.android.support:support-compat:26.1.0:26:9
MERGED from com.android.support:animated-vector-drawable:26.1.0:23:9
MERGED from com.android.support:support-vector-drawable:26.1.0:23:9
MERGED from com.android.support:support-compat:26.1.0:26:9
MERGED from com.android.support:support-core-ui:26.1.0:26:9
MERGED from com.android.support:support-compat:26.1.0:26:9
MERGED from com.android.support:support-v4:26.1.0:26:9
MERGED from com.android.support:support-compat:26.1.0:26:9
MERGED from com.android.support:support-media-compat:26.1.0:26:9
MERGED from com.android.support:support-compat:26.1.0:26:9
MERGED from com.android.support:support-core-utils:26.1.0:26:9
MERGED from com.android.support:support-compat:26.1.0:26:9
MERGED from com.android.support:support-core-ui:26.1.0:26:9
MERGED from com.android.support:support-compat:26.1.0:26:9
MERGED from com.android.support:support-fragment:26.1.0:26:9
MERGED from com.android.support:support-compat:26.1.0:26:9
MERGED from com.android.support:support-core-ui:26.1.0:26:9
MERGED from com.android.support:support-compat:26.1.0:26:9
MERGED from com.android.support:support-core-utils:26.1.0:26:9
MERGED from com.android.support:support-compat:26.1.0:26:9
MERGED from com.android.support:support-v4:26.1.0:26:9
MERGED from com.android.support:support-compat:26.1.0:26:9
MERGED from com.android.support:support-media-compat:26.1.0:26:9
MERGED from com.android.support:support-compat:26.1.0:26:9
MERGED from com.android.support:support-core-utils:26.1.0:26:9
MERGED from com.android.support:support-compat:26.1.0:26:9
MERGED from com.android.support:support-core-ui:26.1.0:26:9
MERGED from com.android.support:support-compat:26.1.0:26:9
MERGED from com.android.support:support-fragment:26.1.0:26:9
MERGED from com.android.support:support-compat:26.1.0:26:9
MERGED from com.android.support:support-core-ui:26.1.0:26:9
MERGED from com.android.support:support-compat:26.1.0:26:9
MERGED from com.android.support:support-core-utils:26.1.0:26:9
MERGED from com.android.support:support-compat:26.1.0:26:9
MERGED from com.android.support:support-v4:26.1.0:26:9
MERGED from com.android.support:support-compat:26.1.0:26:9
MERGED from com.android.support:support-media-compat:26.1.0:26:9
MERGED from com.android.support:support-compat:26.1.0:26:9
MERGED from com.android.support:support-core-utils:26.1.0:26:9
MERGED from com.android.support:support-compat:26.1.0:26:9
MERGED from com.android.support:support-core-ui:26.1.0:26:9
MERGED from com.android.support:support-compat:26.1.0:26:9
MERGED from com.android.support:support-fragment:26.1.0:26:9
MERGED from com.android.support:support-compat:26.1.0:26:9
MERGED from com.android.support:support-core-ui:26.1.0:26:9
MERGED from com.android.support:support-compat:26.1.0:26:9
MERGED from com.android.support:support-core-utils:26.1.0:26:9
MERGED from com.android.support:support-compat:26.1.0:26:9
	android:value
		ADDED from com.android.support:appcompat-v7:26.1.0:28:13
	android:name
		ADDED from com.android.support:appcompat-v7:26.1.0:27:13
meta-data#android.arch.lifecycle.VERSION
ADDED from android.arch.lifecycle:runtime:1.0.0:25:9
MERGED from android.arch.lifecycle:runtime:1.0.0:25:9
MERGED from android.arch.lifecycle:runtime:1.0.0:25:9
MERGED from android.arch.lifecycle:runtime:1.0.0:25:9
MERGED from android.arch.lifecycle:runtime:1.0.0:25:9
MERGED from android.arch.lifecycle:runtime:1.0.0:25:9
MERGED from android.arch.lifecycle:runtime:1.0.0:25:9
MERGED from android.arch.lifecycle:runtime:1.0.0:25:9
MERGED from android.arch.lifecycle:runtime:1.0.0:25:9
MERGED from android.arch.lifecycle:runtime:1.0.0:25:9
MERGED from android.arch.lifecycle:runtime:1.0.0:25:9
MERGED from android.arch.lifecycle:runtime:1.0.0:25:9
MERGED from android.arch.lifecycle:runtime:1.0.0:25:9
MERGED from android.arch.lifecycle:runtime:1.0.0:25:9
MERGED from android.arch.lifecycle:runtime:1.0.0:25:9
MERGED from android.arch.lifecycle:runtime:1.0.0:25:9
MERGED from android.arch.lifecycle:runtime:1.0.0:25:9
MERGED from android.arch.lifecycle:runtime:1.0.0:25:9
MERGED from android.arch.lifecycle:runtime:1.0.0:25:9
MERGED from android.arch.lifecycle:runtime:1.0.0:25:9
MERGED from android.arch.lifecycle:runtime:1.0.0:25:9
MERGED from android.arch.lifecycle:runtime:1.0.0:25:9
MERGED from android.arch.lifecycle:runtime:1.0.0:25:9
MERGED from android.arch.lifecycle:runtime:1.0.0:25:9
MERGED from android.arch.lifecycle:runtime:1.0.0:25:9
MERGED from android.arch.lifecycle:runtime:1.0.0:25:9
MERGED from android.arch.lifecycle:runtime:1.0.0:25:9
MERGED from android.arch.lifecycle:runtime:1.0.0:25:9
MERGED from android.arch.lifecycle:runtime:1.0.0:25:9
MERGED from android.arch.lifecycle:runtime:1.0.0:25:9
MERGED from android.arch.lifecycle:runtime:1.0.0:25:9
	android:value
		ADDED from android.arch.lifecycle:runtime:1.0.0:27:13
	android:name
		ADDED from android.arch.lifecycle:runtime:1.0.0:26:13
uses-permission#android.permission.ACCESS_NETWORK_STATE
ADDED from com.google.android.gms:play-services-ads-lite:11.6.0:20:5
	android:name
		ADDED from com.google.android.gms:play-services-ads-lite:11.6.0:20:22